{
  message: '🛢   Database is connected successfully',
  level: 'info',
  label: 'CH',
  timestamp: '2023-07-01T08:04:00.155Z'
}
{
  message: 'Application  listening on port 5000',
  level: 'info',
  label: 'CH',
  timestamp: '2023-07-01T08:04:00.162Z'
}
{
  message: '🛢   Database is connected successfully',
  level: 'info',
  label: 'CH',
  timestamp: '2023-07-01T08:14:46.313Z'
}
{
  message: 'Application  listening on port 5000',
  level: 'info',
  label: 'CH',
  timestamp: '2023-07-01T08:14:46.318Z'
}
{
  message: '🛢   Database is connected successfully',
  level: 'info',
  label: 'CH',
  timestamp: '2023-07-01T08:16:31.880Z'
}
{
  message: 'Application  listening on port 5000',
  level: 'info',
  label: 'CH',
  timestamp: '2023-07-01T08:16:31.885Z'
}
{
  message: '🛢   Database is connected successfully',
  level: 'info',
  label: 'CH',
  timestamp: '2023-07-01T08:16:58.313Z'
}
{
  message: 'Application  listening on port 5000',
  level: 'info',
  label: 'CH',
  timestamp: '2023-07-01T08:16:58.318Z'
}
{
  message: '🛢   Database is connected successfully',
  level: 'info',
  label: 'CH',
  timestamp: '2023-07-01T08:17:49.812Z'
}
{
  message: 'Application  listening on port 5000',
  level: 'info',
  label: 'CH',
  timestamp: '2023-07-01T08:17:49.817Z'
}
{
  message: '🛢   Database is connected successfully',
  level: 'info',
  label: 'CH',
  timestamp: '2023-07-01T08:54:39.011Z'
}
{
  message: 'Application  listening on port 5000',
  level: 'info',
  label: 'CH',
  timestamp: '2023-07-01T08:54:39.035Z'
}
