{
  message: '🛢   Database is connected successfully',
  level: 'info',
  label: 'CH',
  timestamp: '2023-07-02T20:34:55.992Z'
}
{
  message: 'Application  listening on port 5000',
  level: 'info',
  label: 'CH',
  timestamp: '2023-07-02T20:34:56.069Z'
}
{
  message: '🛢   Database is connected successfully',
  level: 'info',
  label: 'CH',
  timestamp: '2023-07-02T20:37:25.213Z'
}
{
  message: 'Application  listening on port 5000',
  level: 'info',
  label: 'CH',
  timestamp: '2023-07-02T20:37:25.219Z'
}
{
  message: '🛢   Database is connected successfully',
  level: 'info',
  label: 'CH',
  timestamp: '2023-07-02T20:37:45.960Z'
}
{
  message: 'Application  listening on port 5000',
  level: 'info',
  label: 'CH',
  timestamp: '2023-07-02T20:37:45.966Z'
}
{
  message: '🛢   Database is connected successfully',
  level: 'info',
  label: 'CH',
  timestamp: '2023-07-02T20:38:11.700Z'
}
{
  message: 'Application  listening on port 5000',
  level: 'info',
  label: 'CH',
  timestamp: '2023-07-02T20:38:11.705Z'
}
{
  message: '🛢   Database is connected successfully',
  level: 'info',
  label: 'CH',
  timestamp: '2023-07-02T20:45:27.821Z'
}
{
  message: 'Application  listening on port 5000',
  level: 'info',
  label: 'CH',
  timestamp: '2023-07-02T20:45:27.828Z'
}
{
  message: '🛢   Database is connected successfully',
  level: 'info',
  label: 'CH',
  timestamp: '2023-07-02T20:46:19.670Z'
}
{
  message: 'Application  listening on port 5000',
  level: 'info',
  label: 'CH',
  timestamp: '2023-07-02T20:46:19.686Z'
}
{
  message: '🛢   Database is connected successfully',
  level: 'info',
  label: 'CH',
  timestamp: '2023-07-02T20:47:10.392Z'
}
{
  message: 'Application  listening on port 5000',
  level: 'info',
  label: 'CH',
  timestamp: '2023-07-02T20:47:10.397Z'
}
{
  message: '🛢   Database is connected successfully',
  level: 'info',
  label: 'CH',
  timestamp: '2023-07-02T20:48:28.756Z'
}
{
  message: 'Application  listening on port 5000',
  level: 'info',
  label: 'CH',
  timestamp: '2023-07-02T20:48:28.761Z'
}
{
  message: '🛢   Database is connected successfully',
  level: 'info',
  label: 'CH',
  timestamp: '2023-07-02T20:48:40.961Z'
}
{
  message: 'Application  listening on port 5000',
  level: 'info',
  label: 'CH',
  timestamp: '2023-07-02T20:48:40.967Z'
}
{
  message: '🛢   Database is connected successfully',
  level: 'info',
  label: 'CH',
  timestamp: '2023-07-02T20:49:00.685Z'
}
{
  message: 'Application  listening on port 5000',
  level: 'info',
  label: 'CH',
  timestamp: '2023-07-02T20:49:00.692Z'
}
{
  message: '🛢   Database is connected successfully',
  level: 'info',
  label: 'CH',
  timestamp: '2023-07-02T20:49:09.616Z'
}
{
  message: 'Application  listening on port 5000',
  level: 'info',
  label: 'CH',
  timestamp: '2023-07-02T20:49:09.622Z'
}
{
  message: '🛢   Database is connected successfully',
  level: 'info',
  label: 'CH',
  timestamp: '2023-07-02T20:54:16.444Z'
}
{
  message: 'Application  listening on port 5000',
  level: 'info',
  label: 'CH',
  timestamp: '2023-07-02T20:54:16.449Z'
}
{
  message: '🛢   Database is connected successfully',
  level: 'info',
  label: 'CH',
  timestamp: '2023-07-02T20:59:35.471Z'
}
{
  message: 'Application  listening on port 5000',
  level: 'info',
  label: 'CH',
  timestamp: '2023-07-02T20:59:35.477Z'
}
