{
  message: '🛢   Database is connected successfully',
  level: 'info',
  label: 'CH',
  timestamp: '2023-06-30T19:06:43.485Z'
}
{
  message: 'Application  listening on port 5000',
  level: 'info',
  label: 'CH',
  timestamp: '2023-06-30T19:06:43.490Z'
}
{
  message: '🛢   Database is connected successfully',
  level: 'info',
  label: 'CH',
  timestamp: '2023-06-30T19:09:20.707Z'
}
{
  message: 'Application  listening on port 5000',
  level: 'info',
  label: 'CH',
  timestamp: '2023-06-30T19:09:20.712Z'
}
{
  message: '🛢   Database is connected successfully',
  level: 'info',
  label: 'CH',
  timestamp: '2023-06-30T19:11:38.912Z'
}
{
  message: 'Application  listening on port 5000',
  level: 'info',
  label: 'CH',
  timestamp: '2023-06-30T19:11:38.917Z'
}
