{
  message: '🛢   Database is connected successfully',
  level: 'info',
  label: 'CH',
  timestamp: '2023-07-03T05:00:08.817Z'
}
{
  message: 'Application  listening on port 5000',
  level: 'info',
  label: 'CH',
  timestamp: '2023-07-03T05:00:08.822Z'
}
{
  message: '🛢   Database is connected successfully',
  level: 'info',
  label: 'CH',
  timestamp: '2023-07-03T05:02:33.017Z'
}
{
  message: 'Application  listening on port 5000',
  level: 'info',
  label: 'CH',
  timestamp: '2023-07-03T05:02:33.027Z'
}
{
  message: '🛢   Database is connected successfully',
  level: 'info',
  label: 'CH',
  timestamp: '2023-07-03T05:02:47.509Z'
}
{
  message: 'Application  listening on port 5000',
  level: 'info',
  label: 'CH',
  timestamp: '2023-07-03T05:02:47.515Z'
}
{
  message: '🛢   Database is connected successfully',
  level: 'info',
  label: 'CH',
  timestamp: '2023-07-03T05:07:42.891Z'
}
{
  message: 'Application  listening on port 5000',
  level: 'info',
  label: 'CH',
  timestamp: '2023-07-03T05:07:42.897Z'
}
{
  message: '🛢   Database is connected successfully',
  level: 'info',
  label: 'CH',
  timestamp: '2023-07-03T05:10:47.948Z'
}
{
  message: 'Application  listening on port 5000',
  level: 'info',
  label: 'CH',
  timestamp: '2023-07-03T05:10:47.953Z'
}
{
  message: '🛢   Database is connected successfully',
  level: 'info',
  label: 'CH',
  timestamp: '2023-07-03T05:23:11.456Z'
}
{
  message: 'Application  listening on port 5000',
  level: 'info',
  label: 'CH',
  timestamp: '2023-07-03T05:23:11.463Z'
}
{
  message: '🛢   Database is connected successfully',
  level: 'info',
  label: 'CH',
  timestamp: '2023-07-03T05:23:40.941Z'
}
{
  message: 'Application  listening on port 5000',
  level: 'info',
  label: 'CH',
  timestamp: '2023-07-03T05:23:40.946Z'
}
{
  message: '🛢   Database is connected successfully',
  level: 'info',
  label: 'CH',
  timestamp: '2023-07-03T05:24:59.752Z'
}
{
  message: 'Application  listening on port 5000',
  level: 'info',
  label: 'CH',
  timestamp: '2023-07-03T05:24:59.759Z'
}
{
  message: '🛢   Database is connected successfully',
  level: 'info',
  label: 'CH',
  timestamp: '2023-07-03T05:26:14.308Z'
}
{
  message: 'Application  listening on port 5000',
  level: 'info',
  label: 'CH',
  timestamp: '2023-07-03T05:26:14.314Z'
}
{
  message: '🛢   Database is connected successfully',
  level: 'info',
  label: 'CH',
  timestamp: '2023-07-03T05:26:17.662Z'
}
{
  message: 'Application  listening on port 5000',
  level: 'info',
  label: 'CH',
  timestamp: '2023-07-03T05:26:17.668Z'
}
{
  message: '🛢   Database is connected successfully',
  level: 'info',
  label: 'CH',
  timestamp: '2023-07-03T05:27:04.822Z'
}
{
  message: 'Application  listening on port 5000',
  level: 'info',
  label: 'CH',
  timestamp: '2023-07-03T05:27:04.827Z'
}
{
  message: '🛢   Database is connected successfully',
  level: 'info',
  label: 'CH',
  timestamp: '2023-07-03T05:28:11.226Z'
}
{
  message: 'Application  listening on port 5000',
  level: 'info',
  label: 'CH',
  timestamp: '2023-07-03T05:28:11.234Z'
}
{
  message: '🛢   Database is connected successfully',
  level: 'info',
  label: 'CH',
  timestamp: '2023-07-03T05:29:05.912Z'
}
{
  message: 'Application  listening on port 5000',
  level: 'info',
  label: 'CH',
  timestamp: '2023-07-03T05:29:05.917Z'
}
{
  message: '🛢   Database is connected successfully',
  level: 'info',
  label: 'CH',
  timestamp: '2023-07-03T05:33:16.382Z'
}
{
  message: 'Application  listening on port 5000',
  level: 'info',
  label: 'CH',
  timestamp: '2023-07-03T05:33:16.389Z'
}
{
  message: '🛢   Database is connected successfully',
  level: 'info',
  label: 'CH',
  timestamp: '2023-07-03T05:38:41.584Z'
}
{
  message: 'Application  listening on port 5000',
  level: 'info',
  label: 'CH',
  timestamp: '2023-07-03T05:38:41.590Z'
}
{
  message: '🛢   Database is connected successfully',
  level: 'info',
  label: 'CH',
  timestamp: '2023-07-03T05:39:18.517Z'
}
{
  message: 'Application  listening on port 5000',
  level: 'info',
  label: 'CH',
  timestamp: '2023-07-03T05:39:18.522Z'
}
{
  message: '🛢   Database is connected successfully',
  level: 'info',
  label: 'CH',
  timestamp: '2023-07-03T05:40:14.974Z'
}
{
  message: 'Application  listening on port 5000',
  level: 'info',
  label: 'CH',
  timestamp: '2023-07-03T05:40:14.980Z'
}
{
  message: '🛢   Database is connected successfully',
  level: 'info',
  label: 'CH',
  timestamp: '2023-07-03T05:41:02.356Z'
}
{
  message: 'Application  listening on port 5000',
  level: 'info',
  label: 'CH',
  timestamp: '2023-07-03T05:41:02.361Z'
}
{
  message: '🛢   Database is connected successfully',
  level: 'info',
  label: 'CH',
  timestamp: '2023-07-03T05:42:43.037Z'
}
{
  message: 'Application  listening on port 5000',
  level: 'info',
  label: 'CH',
  timestamp: '2023-07-03T05:42:43.042Z'
}
{
  message: '🛢   Database is connected successfully',
  level: 'info',
  label: 'CH',
  timestamp: '2023-07-03T05:48:41.765Z'
}
{
  message: 'Application  listening on port 5000',
  level: 'info',
  label: 'CH',
  timestamp: '2023-07-03T05:48:41.772Z'
}
{
  message: '🛢   Database is connected successfully',
  level: 'info',
  label: 'CH',
  timestamp: '2023-07-03T05:48:55.861Z'
}
{
  message: 'Application  listening on port 5000',
  level: 'info',
  label: 'CH',
  timestamp: '2023-07-03T05:48:55.871Z'
}
