{
  message: '🛢   Database is connected successfully',
  level: 'info',
  label: 'CH',
  timestamp: '2023-06-29T15:03:49.474Z'
}
{
  message: 'Application  listening on port 5000',
  level: 'info',
  label: 'CH',
  timestamp: '2023-06-29T15:03:49.479Z'
}
{
  message: '🛢   Database is connected successfully',
  level: 'info',
  label: 'CH',
  timestamp: '2023-06-29T15:04:30.628Z'
}
{
  message: 'Application  listening on port 5000',
  level: 'info',
  label: 'CH',
  timestamp: '2023-06-29T15:04:30.633Z'
}
{
  message: '🛢   Database is connected successfully',
  level: 'info',
  label: 'CH',
  timestamp: '2023-06-29T15:26:35.491Z'
}
{
  message: 'Application  listening on port 5000',
  level: 'info',
  label: 'CH',
  timestamp: '2023-06-29T15:26:35.497Z'
}
{
  message: '🛢   Database is connected successfully',
  level: 'info',
  label: 'CH',
  timestamp: '2023-06-29T15:31:30.627Z'
}
{
  message: 'Application  listening on port 5000',
  level: 'info',
  label: 'CH',
  timestamp: '2023-06-29T15:31:30.632Z'
}
